{"D:\\portfolio-app\\src\\components\\Navbar.jsx": {"path":"D:\\portfolio-app\\src\\components\\Navbar.jsx","statementMap":{"0":{"start":{"line":5,"column":8},"end":{"line":11,"column":null}},"1":{"start":{"line":6,"column":4},"end":{"line":6,"column":null}},"2":{"start":{"line":7,"column":20},"end":{"line":7,"column":null}},"3":{"start":{"line":8,"column":4},"end":{"line":10,"column":null}},"4":{"start":{"line":9,"column":6},"end":{"line":9,"column":null}},"5":{"start":{"line":13,"column":2},"end":{"line":30,"column":null}},"6":{"start":{"line":18,"column":47},"end":{"line":18,"column":76}},"7":{"start":{"line":19,"column":48},"end":{"line":19,"column":78}},"8":{"start":{"line":20,"column":65},"end":{"line":20,"column":112}},"9":{"start":{"line":21,"column":50},"end":{"line":21,"column":82}},"10":{"start":{"line":22,"column":56},"end":{"line":22,"column":94}},"11":{"start":{"line":23,"column":51},"end":{"line":23,"column":84}},"12":{"start":{"line":24,"column":49},"end":{"line":24,"column":80}}},"fnMap":{"0":{"name":"Navbar","decl":{"start":{"line":3,"column":24},"end":{"line":3,"column":31}},"loc":{"start":{"line":3,"column":45},"end":{"line":32,"column":null}},"line":3},"1":{"name":"(anonymous_1)","decl":{"start":{"line":5,"column":8},"end":{"line":5,"column":27}},"loc":{"start":{"line":5,"column":37},"end":{"line":11,"column":null}},"line":5},"2":{"name":"(anonymous_2)","decl":{"start":{"line":18,"column":31},"end":{"line":18,"column":41}},"loc":{"start":{"line":18,"column":47},"end":{"line":18,"column":76}},"line":18},"3":{"name":"(anonymous_3)","decl":{"start":{"line":19,"column":32},"end":{"line":19,"column":42}},"loc":{"start":{"line":19,"column":48},"end":{"line":19,"column":78}},"line":19},"4":{"name":"(anonymous_4)","decl":{"start":{"line":20,"column":49},"end":{"line":20,"column":59}},"loc":{"start":{"line":20,"column":65},"end":{"line":20,"column":112}},"line":20},"5":{"name":"(anonymous_5)","decl":{"start":{"line":21,"column":34},"end":{"line":21,"column":44}},"loc":{"start":{"line":21,"column":50},"end":{"line":21,"column":82}},"line":21},"6":{"name":"(anonymous_6)","decl":{"start":{"line":22,"column":40},"end":{"line":22,"column":50}},"loc":{"start":{"line":22,"column":56},"end":{"line":22,"column":94}},"line":22},"7":{"name":"(anonymous_7)","decl":{"start":{"line":23,"column":35},"end":{"line":23,"column":45}},"loc":{"start":{"line":23,"column":51},"end":{"line":23,"column":84}},"line":23},"8":{"name":"(anonymous_8)","decl":{"start":{"line":24,"column":33},"end":{"line":24,"column":43}},"loc":{"start":{"line":24,"column":49},"end":{"line":24,"column":80}},"line":24}},"branchMap":{"0":{"loc":{"start":{"line":8,"column":4},"end":{"line":10,"column":null}},"type":"if","locations":[{"start":{"line":8,"column":4},"end":{"line":10,"column":null}},{"start":{},"end":{}}],"line":8}},"s":{"0":3,"1":8,"2":8,"3":8,"4":7,"5":3,"6":1,"7":2,"8":1,"9":1,"10":1,"11":1,"12":1},"f":{"0":3,"1":8,"2":1,"3":2,"4":1,"5":1,"6":1,"7":1,"8":1},"b":{"0":[7,1]},"meta":{"lastBranch":1,"lastFunction":9,"lastStatement":13,"seen":{"f:3:24:3:31":0,"s:5:8:11:Infinity":0,"f:5:8:5:27":1,"s:6:4:6:Infinity":1,"s:7:20:7:Infinity":2,"b:8:4:10:Infinity:undefined:undefined:undefined:undefined":0,"s:8:4:10:Infinity":3,"s:9:6:9:Infinity":4,"s:13:2:30:Infinity":5,"f:18:31:18:41":2,"s:18:47:18:76":6,"f:19:32:19:42":3,"s:19:48:19:78":7,"f:20:49:20:59":4,"s:20:65:20:112":8,"f:21:34:21:44":5,"s:21:50:21:82":9,"f:22:40:22:50":6,"s:22:56:22:94":10,"f:23:35:23:45":7,"s:23:51:23:84":11,"f:24:33:24:43":8,"s:24:49:24:80":12},"fnNames":{}}}
,"D:\\portfolio-app\\src\\components\\pages\\Login.jsx": {"path":"D:\\portfolio-app\\src\\components\\pages\\Login.jsx","statementMap":{"0":{"start":{"line":4,"column":14},"end":{"line":6,"column":null}},"1":{"start":{"line":9,"column":34},"end":{"line":9,"column":null}},"2":{"start":{"line":10,"column":34},"end":{"line":10,"column":null}},"3":{"start":{"line":11,"column":32},"end":{"line":11,"column":null}},"4":{"start":{"line":12,"column":36},"end":{"line":12,"column":null}},"5":{"start":{"line":14,"column":19},"end":{"line":14,"column":31}},"6":{"start":{"line":16,"column":8},"end":{"line":30,"column":null}},"7":{"start":{"line":17,"column":4},"end":{"line":17,"column":null}},"8":{"start":{"line":18,"column":18},"end":{"line":20,"column":null}},"9":{"start":{"line":19,"column":16},"end":{"line":19,"column":null}},"10":{"start":{"line":22,"column":4},"end":{"line":29,"column":null}},"11":{"start":{"line":23,"column":6},"end":{"line":23,"column":null}},"12":{"start":{"line":24,"column":6},"end":{"line":24,"column":null}},"13":{"start":{"line":25,"column":6},"end":{"line":25,"column":null}},"14":{"start":{"line":27,"column":6},"end":{"line":27,"column":null}},"15":{"start":{"line":28,"column":6},"end":{"line":28,"column":null}},"16":{"start":{"line":32,"column":8},"end":{"line":42,"column":null}},"17":{"start":{"line":33,"column":4},"end":{"line":33,"column":null}},"18":{"start":{"line":34,"column":22},"end":{"line":34,"column":null}},"19":{"start":{"line":35,"column":20},"end":{"line":35,"column":null}},"20":{"start":{"line":35,"column":41},"end":{"line":35,"column":70}},"21":{"start":{"line":37,"column":4},"end":{"line":41,"column":null}},"22":{"start":{"line":38,"column":6},"end":{"line":38,"column":null}},"23":{"start":{"line":39,"column":11},"end":{"line":41,"column":null}},"24":{"start":{"line":40,"column":6},"end":{"line":40,"column":null}},"25":{"start":{"line":44,"column":2},"end":{"line":74,"column":null}},"26":{"start":{"line":53,"column":29},"end":{"line":53,"column":null}},"27":{"start":{"line":61,"column":29},"end":{"line":61,"column":null}}},"fnMap":{"0":{"name":"Login","decl":{"start":{"line":8,"column":24},"end":{"line":8,"column":32}},"loc":{"start":{"line":8,"column":32},"end":{"line":76,"column":null}},"line":8},"1":{"name":"(anonymous_1)","decl":{"start":{"line":16,"column":8},"end":{"line":16,"column":23}},"loc":{"start":{"line":16,"column":29},"end":{"line":30,"column":null}},"line":16},"2":{"name":"(anonymous_2)","decl":{"start":{"line":18,"column":24},"end":{"line":18,"column":null}},"loc":{"start":{"line":19,"column":16},"end":{"line":19,"column":null}},"line":19},"3":{"name":"(anonymous_3)","decl":{"start":{"line":32,"column":8},"end":{"line":32,"column":32}},"loc":{"start":{"line":32,"column":38},"end":{"line":42,"column":null}},"line":32},"4":{"name":"(anonymous_4)","decl":{"start":{"line":35,"column":26},"end":{"line":35,"column":32}},"loc":{"start":{"line":35,"column":41},"end":{"line":35,"column":70}},"line":35},"5":{"name":"(anonymous_5)","decl":{"start":{"line":53,"column":12},"end":{"line":53,"column":23}},"loc":{"start":{"line":53,"column":29},"end":{"line":53,"column":null}},"line":53},"6":{"name":"(anonymous_6)","decl":{"start":{"line":61,"column":12},"end":{"line":61,"column":23}},"loc":{"start":{"line":61,"column":29},"end":{"line":61,"column":null}},"line":61}},"branchMap":{"0":{"loc":{"start":{"line":19,"column":16},"end":{"line":19,"column":null}},"type":"binary-expr","locations":[{"start":{"line":19,"column":16},"end":{"line":19,"column":46}},{"start":{"line":19,"column":46},"end":{"line":19,"column":null}}],"line":19},"1":{"loc":{"start":{"line":22,"column":4},"end":{"line":29,"column":null}},"type":"if","locations":[{"start":{"line":22,"column":4},"end":{"line":29,"column":null}},{"start":{"line":26,"column":11},"end":{"line":29,"column":null}}],"line":22},"2":{"loc":{"start":{"line":37,"column":4},"end":{"line":41,"column":null}},"type":"if","locations":[{"start":{"line":37,"column":4},"end":{"line":41,"column":null}},{"start":{"line":39,"column":11},"end":{"line":41,"column":null}}],"line":37},"3":{"loc":{"start":{"line":39,"column":11},"end":{"line":41,"column":null}},"type":"if","locations":[{"start":{"line":39,"column":11},"end":{"line":41,"column":null}},{"start":{},"end":{}}],"line":39},"4":{"loc":{"start":{"line":69,"column":7},"end":{"line":72,"column":null}},"type":"binary-expr","locations":[{"start":{"line":69,"column":7},"end":{"line":69,"column":null}},{"start":{"line":70,"column":8},"end":{"line":72,"column":null}}],"line":69},"5":{"loc":{"start":{"line":70,"column":27},"end":{"line":70,"column":56}},"type":"cond-expr","locations":[{"start":{"line":70,"column":39},"end":{"line":70,"column":49}},{"start":{"line":70,"column":49},"end":{"line":70,"column":56}}],"line":70}},"s":{"0":1,"1":12,"2":12,"3":12,"4":12,"5":12,"6":12,"7":2,"8":2,"9":2,"10":2,"11":1,"12":1,"13":1,"14":1,"15":1,"16":12,"17":2,"18":2,"19":2,"20":2,"21":2,"22":1,"23":1,"24":1,"25":12,"26":2,"27":2},"f":{"0":12,"1":2,"2":2,"3":2,"4":2,"5":2,"6":2},"b":{"0":[2,2],"1":[1,1],"2":[1,1],"3":[1,0],"4":[12,3],"5":[2,1]},"meta":{"lastBranch":6,"lastFunction":7,"lastStatement":28,"seen":{"s:4:14:6:Infinity":0,"f:8:24:8:32":0,"s:9:34:9:Infinity":1,"s:10:34:10:Infinity":2,"s:11:32:11:Infinity":3,"s:12:36:12:Infinity":4,"s:14:19:14:31":5,"s:16:8:30:Infinity":6,"f:16:8:16:23":1,"s:17:4:17:Infinity":7,"s:18:18:20:Infinity":8,"f:18:24:18:Infinity":2,"s:19:16:19:Infinity":9,"b:19:16:19:46:19:46:19:Infinity":0,"b:22:4:29:Infinity:26:11:29:Infinity":1,"s:22:4:29:Infinity":10,"s:23:6:23:Infinity":11,"s:24:6:24:Infinity":12,"s:25:6:25:Infinity":13,"s:27:6:27:Infinity":14,"s:28:6:28:Infinity":15,"s:32:8:42:Infinity":16,"f:32:8:32:32":3,"s:33:4:33:Infinity":17,"s:34:22:34:Infinity":18,"s:35:20:35:Infinity":19,"f:35:26:35:32":4,"s:35:41:35:70":20,"b:37:4:41:Infinity:39:11:41:Infinity":2,"s:37:4:41:Infinity":21,"s:38:6:38:Infinity":22,"b:39:11:41:Infinity:undefined:undefined:undefined:undefined":3,"s:39:11:41:Infinity":23,"s:40:6:40:Infinity":24,"s:44:2:74:Infinity":25,"f:53:12:53:23":5,"s:53:29:53:Infinity":26,"f:61:12:61:23":6,"s:61:29:61:Infinity":27,"b:69:7:69:Infinity:70:8:72:Infinity":4,"b:70:39:70:49:70:49:70:56":5},"fnNames":{}}}
}
